2018-07-04 8:27:17 - PHP Warning:  mysqli::__construct(): (HY000/2002): Connection refused in /var/www/html/upload/system/library/db/mysqli.php on line 7
2018-07-04 8:27:17 - PHP Warning:  DB\MySQLi::__construct(): Couldn't fetch mysqli in /var/www/html/upload/system/library/db/mysqli.php on line 10
2018-07-04 8:27:17 - PHP Warning:  DB\MySQLi::__construct(): Couldn't fetch mysqli in /var/www/html/upload/system/library/db/mysqli.php on line 10
2018-07-04 8:27:17 - PHP Notice:  Undefined variable: mysql in /var/www/html/upload/install/controller/install/step_3.php on line 280
2018-07-04 8:27:17 - PHP Notice:  Trying to get property of non-object in /var/www/html/upload/install/controller/install/step_3.php on line 280
2018-07-04 8:27:56 - PHP Warning:  mysqli::__construct(): (HY000/2002): Connection refused in /var/www/html/upload/system/library/db/mysqli.php on line 7
2018-07-04 8:27:56 - PHP Warning:  DB\MySQLi::__construct(): Couldn't fetch mysqli in /var/www/html/upload/system/library/db/mysqli.php on line 10
2018-07-04 8:27:56 - PHP Warning:  DB\MySQLi::__construct(): Couldn't fetch mysqli in /var/www/html/upload/system/library/db/mysqli.php on line 10
2018-07-04 8:27:56 - PHP Notice:  Undefined variable: mysql in /var/www/html/upload/install/controller/install/step_3.php on line 280
2018-07-04 8:27:56 - PHP Notice:  Trying to get property of non-object in /var/www/html/upload/install/controller/install/step_3.php on line 280
2018-07-04 8:38:47 - PHP Warning:  mysqli::__construct(): (HY000/2002): Connection refused in /var/www/html/upload/system/library/db/mysqli.php on line 7
2018-07-04 8:38:47 - PHP Warning:  DB\MySQLi::__construct(): Couldn't fetch mysqli in /var/www/html/upload/system/library/db/mysqli.php on line 10
2018-07-04 8:38:47 - PHP Warning:  DB\MySQLi::__construct(): Couldn't fetch mysqli in /var/www/html/upload/system/library/db/mysqli.php on line 10
2018-07-04 8:38:47 - PHP Notice:  Undefined variable: mysql in /var/www/html/upload/install/controller/install/step_3.php on line 280
2018-07-04 8:38:47 - PHP Notice:  Trying to get property of non-object in /var/www/html/upload/install/controller/install/step_3.php on line 280
2018-07-04 8:43:30 - PHP Warning:  mysqli::__construct(): (HY000/2002): No such file or directory in /var/www/html/system/library/db/mysqli.php on line 7
2018-07-04 8:43:30 - PHP Warning:  DB\MySQLi::__construct(): Couldn't fetch mysqli in /var/www/html/system/library/db/mysqli.php on line 10
2018-07-04 8:43:30 - PHP Warning:  DB\MySQLi::__construct(): Couldn't fetch mysqli in /var/www/html/system/library/db/mysqli.php on line 10
2018-07-04 8:43:30 - PHP Notice:  Undefined variable: mysql in /var/www/html/install/controller/install/step_3.php on line 280
2018-07-04 8:43:30 - PHP Notice:  Trying to get property of non-object in /var/www/html/install/controller/install/step_3.php on line 280
2018-07-04 8:43:38 - PHP Warning:  mysqli::__construct(): (HY000/2002): No such file or directory in /var/www/html/system/library/db/mysqli.php on line 7
2018-07-04 8:43:38 - PHP Warning:  DB\MySQLi::__construct(): Couldn't fetch mysqli in /var/www/html/system/library/db/mysqli.php on line 10
2018-07-04 8:43:38 - PHP Warning:  DB\MySQLi::__construct(): Couldn't fetch mysqli in /var/www/html/system/library/db/mysqli.php on line 10
2018-07-04 8:43:38 - PHP Notice:  Undefined variable: mysql in /var/www/html/install/controller/install/step_3.php on line 280
2018-07-04 8:43:38 - PHP Notice:  Trying to get property of non-object in /var/www/html/install/controller/install/step_3.php on line 280
2018-07-04 9:08:59 - PHP Warning:  mysqli::__construct(): (HY000/2002): Connection refused in /var/www/html/system/library/db/mysqli.php on line 7
2018-07-04 9:08:59 - PHP Warning:  DB\MySQLi::__construct(): Couldn't fetch mysqli in /var/www/html/system/library/db/mysqli.php on line 10
2018-07-04 9:08:59 - PHP Warning:  DB\MySQLi::__construct(): Couldn't fetch mysqli in /var/www/html/system/library/db/mysqli.php on line 10
2018-07-04 9:08:59 - PHP Notice:  Undefined variable: mysql in /var/www/html/install/controller/install/step_3.php on line 280
2018-07-04 9:08:59 - PHP Notice:  Trying to get property of non-object in /var/www/html/install/controller/install/step_3.php on line 280
2018-07-04 9:09:12 - PHP Warning:  mysqli::__construct(): (HY000/2002): Connection refused in /var/www/html/system/library/db/mysqli.php on line 7
2018-07-04 9:09:12 - PHP Warning:  DB\MySQLi::__construct(): Couldn't fetch mysqli in /var/www/html/system/library/db/mysqli.php on line 10
2018-07-04 9:09:12 - PHP Warning:  DB\MySQLi::__construct(): Couldn't fetch mysqli in /var/www/html/system/library/db/mysqli.php on line 10
2018-07-04 9:09:12 - PHP Notice:  Undefined variable: mysql in /var/www/html/install/controller/install/step_3.php on line 280
2018-07-04 9:09:12 - PHP Notice:  Trying to get property of non-object in /var/www/html/install/controller/install/step_3.php on line 280
2018-07-04 9:15:50 - PHP Warning:  mysqli::__construct(): (HY000/2002): Connection refused in /var/www/html/system/library/db/mysqli.php on line 7
2018-07-04 9:15:50 - PHP Warning:  DB\MySQLi::__construct(): Couldn't fetch mysqli in /var/www/html/system/library/db/mysqli.php on line 10
2018-07-04 9:15:50 - PHP Warning:  DB\MySQLi::__construct(): Couldn't fetch mysqli in /var/www/html/system/library/db/mysqli.php on line 10
2018-07-04 9:15:50 - PHP Notice:  Undefined variable: mysql in /var/www/html/install/controller/install/step_3.php on line 280
2018-07-04 9:15:50 - PHP Notice:  Trying to get property of non-object in /var/www/html/install/controller/install/step_3.php on line 280
2018-07-04 9:15:57 - PHP Warning:  mysqli::__construct(): (HY000/2002): Connection refused in /var/www/html/system/library/db/mysqli.php on line 7
2018-07-04 9:15:57 - PHP Warning:  DB\MySQLi::__construct(): Couldn't fetch mysqli in /var/www/html/system/library/db/mysqli.php on line 10
2018-07-04 9:15:57 - PHP Warning:  DB\MySQLi::__construct(): Couldn't fetch mysqli in /var/www/html/system/library/db/mysqli.php on line 10
2018-07-04 9:15:57 - PHP Notice:  Undefined variable: mysql in /var/www/html/install/controller/install/step_3.php on line 280
2018-07-04 9:15:57 - PHP Notice:  Trying to get property of non-object in /var/www/html/install/controller/install/step_3.php on line 280
2018-07-04 9:19:31 - PHP Warning:  mysqli::__construct(): (HY000/2002): Connection refused in /var/www/html/system/library/db/mysqli.php on line 7
2018-07-04 9:19:31 - PHP Warning:  DB\MySQLi::__construct(): Couldn't fetch mysqli in /var/www/html/system/library/db/mysqli.php on line 10
2018-07-04 9:19:31 - PHP Warning:  DB\MySQLi::__construct(): Couldn't fetch mysqli in /var/www/html/system/library/db/mysqli.php on line 10
2018-07-04 9:19:31 - PHP Notice:  Undefined variable: mysql in /var/www/html/install/controller/install/step_3.php on line 280
2018-07-04 9:19:31 - PHP Notice:  Trying to get property of non-object in /var/www/html/install/controller/install/step_3.php on line 280
2018-07-04 9:36:58 - PHP Warning:  mysqli::__construct(): (HY000/2002): No such file or directory in /var/www/upload/system/library/db/mysqli.php on line 7
2018-07-04 9:36:58 - PHP Warning:  DB\MySQLi::__construct(): Couldn't fetch mysqli in /var/www/upload/system/library/db/mysqli.php on line 10
2018-07-04 9:36:58 - PHP Warning:  DB\MySQLi::__construct(): Couldn't fetch mysqli in /var/www/upload/system/library/db/mysqli.php on line 10
2018-07-04 9:36:58 - PHP Notice:  Undefined variable: mysql in /var/www/upload/install/controller/install/step_3.php on line 280
2018-07-04 9:36:58 - PHP Notice:  Trying to get property of non-object in /var/www/upload/install/controller/install/step_3.php on line 280
2018-07-04 9:42:39 - PHP Warning:  mysqli::__construct(): (HY000/2002): No such file or directory in /var/www/upload/system/library/db/mysqli.php on line 7
2018-07-04 9:42:39 - PHP Warning:  DB\MySQLi::__construct(): Couldn't fetch mysqli in /var/www/upload/system/library/db/mysqli.php on line 10
2018-07-04 9:42:39 - PHP Warning:  DB\MySQLi::__construct(): Couldn't fetch mysqli in /var/www/upload/system/library/db/mysqli.php on line 10
2018-07-04 9:42:39 - PHP Notice:  Undefined variable: mysql in /var/www/upload/install/controller/install/step_3.php on line 280
2018-07-04 9:42:39 - PHP Notice:  Trying to get property of non-object in /var/www/upload/install/controller/install/step_3.php on line 280
2018-07-04 9:42:54 - PHP Warning:  mysqli::__construct(): (HY000/2002): Connection refused in /var/www/upload/system/library/db/mysqli.php on line 7
2018-07-04 9:42:54 - PHP Warning:  DB\MySQLi::__construct(): Couldn't fetch mysqli in /var/www/upload/system/library/db/mysqli.php on line 10
2018-07-04 9:42:54 - PHP Warning:  DB\MySQLi::__construct(): Couldn't fetch mysqli in /var/www/upload/system/library/db/mysqli.php on line 10
2018-07-04 9:42:54 - PHP Notice:  Undefined variable: mysql in /var/www/upload/install/controller/install/step_3.php on line 280
2018-07-04 9:42:54 - PHP Notice:  Trying to get property of non-object in /var/www/upload/install/controller/install/step_3.php on line 280
2018-07-04 9:53:51 - PHP Warning:  mysqli::__construct(): (HY000/2002): Connection refused in /var/www/upload/system/library/db/mysqli.php on line 7
2018-07-04 9:53:51 - PHP Warning:  DB\MySQLi::__construct(): Couldn't fetch mysqli in /var/www/upload/system/library/db/mysqli.php on line 10
2018-07-04 9:53:51 - PHP Warning:  DB\MySQLi::__construct(): Couldn't fetch mysqli in /var/www/upload/system/library/db/mysqli.php on line 10
2018-07-04 9:53:51 - PHP Notice:  Undefined variable: mysql in /var/www/upload/install/controller/install/step_3.php on line 280
2018-07-04 9:53:51 - PHP Notice:  Trying to get property of non-object in /var/www/upload/install/controller/install/step_3.php on line 280
2018-07-04 10:00:13 - PHP Warning:  mysqli::__construct(): (HY000/2002): Connection refused in /var/www/upload/system/library/db/mysqli.php on line 7
2018-07-04 10:00:13 - PHP Warning:  DB\MySQLi::__construct(): Couldn't fetch mysqli in /var/www/upload/system/library/db/mysqli.php on line 10
2018-07-04 10:00:13 - PHP Warning:  DB\MySQLi::__construct(): Couldn't fetch mysqli in /var/www/upload/system/library/db/mysqli.php on line 10
2018-07-04 10:00:13 - PHP Notice:  Undefined variable: mysql in /var/www/upload/install/controller/install/step_3.php on line 280
2018-07-04 10:00:13 - PHP Notice:  Trying to get property of non-object in /var/www/upload/install/controller/install/step_3.php on line 280
2018-07-04 10:02:13 - PHP Warning:  mysqli::__construct(): (HY000/2002): Connection refused in /var/www/upload/system/library/db/mysqli.php on line 7
2018-07-04 10:02:13 - PHP Warning:  DB\MySQLi::__construct(): Couldn't fetch mysqli in /var/www/upload/system/library/db/mysqli.php on line 10
2018-07-04 10:02:13 - PHP Warning:  DB\MySQLi::__construct(): Couldn't fetch mysqli in /var/www/upload/system/library/db/mysqli.php on line 10
2018-07-04 10:02:13 - PHP Notice:  Undefined variable: mysql in /var/www/upload/install/controller/install/step_3.php on line 280
2018-07-04 10:02:13 - PHP Notice:  Trying to get property of non-object in /var/www/upload/install/controller/install/step_3.php on line 280
2018-07-04 10:04:03 - PHP Warning:  mysqli::__construct(): (HY000/2002): Connection refused in /var/www/upload/system/library/db/mysqli.php on line 7
2018-07-04 10:04:03 - PHP Warning:  DB\MySQLi::__construct(): Couldn't fetch mysqli in /var/www/upload/system/library/db/mysqli.php on line 10
2018-07-04 10:04:03 - PHP Warning:  DB\MySQLi::__construct(): Couldn't fetch mysqli in /var/www/upload/system/library/db/mysqli.php on line 10
2018-07-04 10:04:03 - PHP Notice:  Undefined variable: mysql in /var/www/upload/install/controller/install/step_3.php on line 280
2018-07-04 10:04:03 - PHP Notice:  Trying to get property of non-object in /var/www/upload/install/controller/install/step_3.php on line 280
2018-07-04 10:04:14 - PHP Warning:  mysqli::__construct(): (HY000/2002): Connection refused in /var/www/upload/system/library/db/mysqli.php on line 7
2018-07-04 10:04:14 - PHP Warning:  DB\MySQLi::__construct(): Couldn't fetch mysqli in /var/www/upload/system/library/db/mysqli.php on line 10
2018-07-04 10:04:14 - PHP Warning:  DB\MySQLi::__construct(): Couldn't fetch mysqli in /var/www/upload/system/library/db/mysqli.php on line 10
2018-07-04 10:04:14 - PHP Notice:  Undefined variable: mysql in /var/www/upload/install/controller/install/step_3.php on line 280
2018-07-04 10:04:14 - PHP Notice:  Trying to get property of non-object in /var/www/upload/install/controller/install/step_3.php on line 280
2018-07-04 10:04:22 - PHP Warning:  mysqli::__construct(): (HY000/2002): Connection refused in /var/www/upload/system/library/db/mysqli.php on line 7
2018-07-04 10:04:22 - PHP Warning:  DB\MySQLi::__construct(): Couldn't fetch mysqli in /var/www/upload/system/library/db/mysqli.php on line 10
2018-07-04 10:04:22 - PHP Warning:  DB\MySQLi::__construct(): Couldn't fetch mysqli in /var/www/upload/system/library/db/mysqli.php on line 10
2018-07-04 10:04:22 - PHP Notice:  Undefined variable: mysql in /var/www/upload/install/controller/install/step_3.php on line 280
2018-07-04 10:04:22 - PHP Notice:  Trying to get property of non-object in /var/www/upload/install/controller/install/step_3.php on line 280
2018-07-04 10:07:35 - PHP Warning:  mysqli::__construct(): (HY000/2002): Connection refused in /var/www/system/library/db/mysqli.php on line 7
2018-07-04 10:07:35 - PHP Warning:  DB\MySQLi::__construct(): Couldn't fetch mysqli in /var/www/system/library/db/mysqli.php on line 10
2018-07-04 10:07:35 - PHP Warning:  DB\MySQLi::__construct(): Couldn't fetch mysqli in /var/www/system/library/db/mysqli.php on line 10
2018-07-04 10:07:35 - PHP Notice:  Undefined variable: mysql in /var/www/install/controller/install/step_3.php on line 280
2018-07-04 10:07:35 - PHP Notice:  Trying to get property of non-object in /var/www/install/controller/install/step_3.php on line 280
2018-07-04 10:11:57 - PHP Warning:  mysqli::__construct(): (HY000/2002): Connection refused in /var/www/system/library/db/mysqli.php on line 7
2018-07-04 10:11:57 - PHP Warning:  DB\MySQLi::__construct(): Couldn't fetch mysqli in /var/www/system/library/db/mysqli.php on line 10
2018-07-04 10:11:57 - PHP Warning:  DB\MySQLi::__construct(): Couldn't fetch mysqli in /var/www/system/library/db/mysqli.php on line 10
2018-07-04 10:11:57 - PHP Notice:  Undefined variable: mysql in /var/www/install/controller/install/step_3.php on line 280
2018-07-04 10:11:57 - PHP Notice:  Trying to get property of non-object in /var/www/install/controller/install/step_3.php on line 280
2018-07-04 10:18:28 - PHP Warning:  mysqli::__construct(): The server requested authentication method unknown to the client [caching_sha2_password] in /var/www/system/library/db/mysqli.php on line 7
2018-07-04 10:18:28 - PHP Warning:  mysqli::__construct(): (HY000/2054): The server requested authentication method unknown to the client in /var/www/system/library/db/mysqli.php on line 7
2018-07-04 10:18:28 - PHP Warning:  DB\MySQLi::__construct(): Couldn't fetch mysqli in /var/www/system/library/db/mysqli.php on line 10
2018-07-04 10:18:28 - PHP Warning:  DB\MySQLi::__construct(): Couldn't fetch mysqli in /var/www/system/library/db/mysqli.php on line 10
2018-07-04 10:18:28 - PHP Notice:  Undefined variable: mysql in /var/www/install/controller/install/step_3.php on line 280
2018-07-04 10:18:28 - PHP Notice:  Trying to get property of non-object in /var/www/install/controller/install/step_3.php on line 280
2018-07-04 10:20:26 - PHP Warning:  mysqli::__construct(): (HY000/2002): Connection timed out in /var/www/system/library/db/mysqli.php on line 7
2018-07-04 10:20:26 - PHP Warning:  DB\MySQLi::__construct(): Couldn't fetch mysqli in /var/www/system/library/db/mysqli.php on line 10
2018-07-04 10:20:26 - PHP Warning:  DB\MySQLi::__construct(): Couldn't fetch mysqli in /var/www/system/library/db/mysqli.php on line 10
2018-07-04 10:20:26 - PHP Notice:  Undefined variable: mysql in /var/www/install/controller/install/step_3.php on line 280
2018-07-04 10:20:26 - PHP Notice:  Trying to get property of non-object in /var/www/install/controller/install/step_3.php on line 280
2018-07-04 10:21:41 - PHP Warning:  mysqli::__construct(): (HY000/1130): Host '172.16.3.112' is not allowed to connect to this MySQL server in /var/www/system/library/db/mysqli.php on line 7
2018-07-04 10:21:41 - PHP Warning:  DB\MySQLi::__construct(): Couldn't fetch mysqli in /var/www/system/library/db/mysqli.php on line 10
2018-07-04 10:21:41 - PHP Warning:  DB\MySQLi::__construct(): Couldn't fetch mysqli in /var/www/system/library/db/mysqli.php on line 10
2018-07-04 10:21:41 - PHP Notice:  Undefined variable: mysql in /var/www/install/controller/install/step_3.php on line 280
2018-07-04 10:21:41 - PHP Notice:  Trying to get property of non-object in /var/www/install/controller/install/step_3.php on line 280
2018-07-04 10:21:45 - PHP Warning:  mysqli::__construct(): (HY000/2002): Connection timed out in /var/www/system/library/db/mysqli.php on line 7
2018-07-04 10:21:45 - PHP Warning:  DB\MySQLi::__construct(): Couldn't fetch mysqli in /var/www/system/library/db/mysqli.php on line 10
2018-07-04 10:21:45 - PHP Warning:  DB\MySQLi::__construct(): Couldn't fetch mysqli in /var/www/system/library/db/mysqli.php on line 10
2018-07-04 10:21:45 - PHP Notice:  Undefined variable: mysql in /var/www/install/controller/install/step_3.php on line 280
2018-07-04 10:21:45 - PHP Notice:  Trying to get property of non-object in /var/www/install/controller/install/step_3.php on line 280
2018-07-04 10:23:35 - PHP Warning:  mysqli::__construct(): (HY000/1130): Host 'LAPTOP-SBLJCHFC' is not allowed to connect to this MySQL server in /var/www/system/library/db/mysqli.php on line 7
2018-07-04 10:23:35 - PHP Warning:  DB\MySQLi::__construct(): Couldn't fetch mysqli in /var/www/system/library/db/mysqli.php on line 10
2018-07-04 10:23:35 - PHP Warning:  DB\MySQLi::__construct(): Couldn't fetch mysqli in /var/www/system/library/db/mysqli.php on line 10
2018-07-04 10:23:35 - PHP Notice:  Undefined variable: mysql in /var/www/install/controller/install/step_3.php on line 280
2018-07-04 10:23:35 - PHP Notice:  Trying to get property of non-object in /var/www/install/controller/install/step_3.php on line 280
2018-07-04 10:23:51 - PHP Warning:  mysqli::__construct(): (HY000/2002): Connection refused in /var/www/system/library/db/mysqli.php on line 7
2018-07-04 10:23:51 - PHP Warning:  DB\MySQLi::__construct(): Couldn't fetch mysqli in /var/www/system/library/db/mysqli.php on line 10
2018-07-04 10:23:51 - PHP Warning:  DB\MySQLi::__construct(): Couldn't fetch mysqli in /var/www/system/library/db/mysqli.php on line 10
2018-07-04 10:23:51 - PHP Notice:  Undefined variable: mysql in /var/www/install/controller/install/step_3.php on line 280
2018-07-04 10:23:51 - PHP Notice:  Trying to get property of non-object in /var/www/install/controller/install/step_3.php on line 280
2018-07-04 10:24:10 - PHP Warning:  Packets out of order. Expected 0 received 255. Packet size=0 in /var/www/system/library/db/mysqli.php on line 7
2018-07-04 10:24:10 - PHP Warning:  mysqli::__construct(): MySQL server has gone away in /var/www/system/library/db/mysqli.php on line 7
2018-07-04 10:24:10 - PHP Warning:  mysqli::__construct(): Error while reading greeting packet. PID=6 in /var/www/system/library/db/mysqli.php on line 7
2018-07-04 10:24:10 - PHP Warning:  mysqli::__construct(): (HY000/2006): MySQL server has gone away in /var/www/system/library/db/mysqli.php on line 7
2018-07-04 10:24:10 - PHP Warning:  DB\MySQLi::__construct(): Couldn't fetch mysqli in /var/www/system/library/db/mysqli.php on line 10
2018-07-04 10:24:10 - PHP Warning:  DB\MySQLi::__construct(): Couldn't fetch mysqli in /var/www/system/library/db/mysqli.php on line 10
2018-07-04 10:24:10 - PHP Notice:  Undefined variable: mysql in /var/www/install/controller/install/step_3.php on line 280
2018-07-04 10:24:10 - PHP Notice:  Trying to get property of non-object in /var/www/install/controller/install/step_3.php on line 280
2018-07-04 10:24:19 - PHP Warning:  mysqli::__construct(): (HY000/1130): Host 'LAPTOP-SBLJCHFC' is not allowed to connect to this MySQL server in /var/www/system/library/db/mysqli.php on line 7
2018-07-04 10:24:19 - PHP Warning:  DB\MySQLi::__construct(): Couldn't fetch mysqli in /var/www/system/library/db/mysqli.php on line 10
2018-07-04 10:24:19 - PHP Warning:  DB\MySQLi::__construct(): Couldn't fetch mysqli in /var/www/system/library/db/mysqli.php on line 10
2018-07-04 10:24:19 - PHP Notice:  Undefined variable: mysql in /var/www/install/controller/install/step_3.php on line 280
2018-07-04 10:24:19 - PHP Notice:  Trying to get property of non-object in /var/www/install/controller/install/step_3.php on line 280
2018-07-04 10:25:02 - PHP Warning:  mysqli::__construct(): The server requested authentication method unknown to the client [caching_sha2_password] in /var/www/system/library/db/mysqli.php on line 7
2018-07-04 10:25:02 - PHP Warning:  mysqli::__construct(): (HY000/2054): The server requested authentication method unknown to the client in /var/www/system/library/db/mysqli.php on line 7
2018-07-04 10:25:02 - PHP Warning:  DB\MySQLi::__construct(): Couldn't fetch mysqli in /var/www/system/library/db/mysqli.php on line 10
2018-07-04 10:25:02 - PHP Warning:  DB\MySQLi::__construct(): Couldn't fetch mysqli in /var/www/system/library/db/mysqli.php on line 10
2018-07-04 10:25:02 - PHP Notice:  Undefined variable: mysql in /var/www/install/controller/install/step_3.php on line 280
2018-07-04 10:25:02 - PHP Notice:  Trying to get property of non-object in /var/www/install/controller/install/step_3.php on line 280
2018-07-04 10:40:32 - PHP Warning:  mysqli::__construct(): (HY000/2002): Connection refused in /var/www/system/library/db/mysqli.php on line 7
2018-07-04 10:40:32 - PHP Warning:  DB\MySQLi::__construct(): Couldn't fetch mysqli in /var/www/system/library/db/mysqli.php on line 10
2018-07-04 10:40:32 - PHP Warning:  DB\MySQLi::__construct(): Couldn't fetch mysqli in /var/www/system/library/db/mysqli.php on line 10
2018-07-04 10:40:32 - PHP Notice:  Undefined variable: mysql in /var/www/install/controller/install/step_3.php on line 280
2018-07-04 10:40:32 - PHP Notice:  Trying to get property of non-object in /var/www/install/controller/install/step_3.php on line 280
2018-07-04 10:40:46 - PHP Warning:  mysqli::__construct(): (HY000/2002): Connection refused in /var/www/system/library/db/mysqli.php on line 7
2018-07-04 10:40:46 - PHP Warning:  DB\MySQLi::__construct(): Couldn't fetch mysqli in /var/www/system/library/db/mysqli.php on line 10
2018-07-04 10:40:46 - PHP Warning:  DB\MySQLi::__construct(): Couldn't fetch mysqli in /var/www/system/library/db/mysqli.php on line 10
2018-07-04 10:40:46 - PHP Notice:  Undefined variable: mysql in /var/www/install/controller/install/step_3.php on line 280
2018-07-04 10:40:46 - PHP Notice:  Trying to get property of non-object in /var/www/install/controller/install/step_3.php on line 280
2018-07-04 10:41:05 - PHP Warning:  mysqli::__construct(): (HY000/2002): Connection refused in /var/www/system/library/db/mysqli.php on line 7
2018-07-04 10:41:05 - PHP Warning:  DB\MySQLi::__construct(): Couldn't fetch mysqli in /var/www/system/library/db/mysqli.php on line 10
2018-07-04 10:41:05 - PHP Warning:  DB\MySQLi::__construct(): Couldn't fetch mysqli in /var/www/system/library/db/mysqli.php on line 10
2018-07-04 10:41:05 - PHP Notice:  Undefined variable: mysql in /var/www/install/controller/install/step_3.php on line 280
2018-07-04 10:41:05 - PHP Notice:  Trying to get property of non-object in /var/www/install/controller/install/step_3.php on line 280
2018-07-04 10:41:25 - PHP Warning:  mysqli::__construct(): (HY000/2002): Connection refused in /var/www/system/library/db/mysqli.php on line 7
2018-07-04 10:41:25 - PHP Warning:  DB\MySQLi::__construct(): Couldn't fetch mysqli in /var/www/system/library/db/mysqli.php on line 10
2018-07-04 10:41:25 - PHP Warning:  DB\MySQLi::__construct(): Couldn't fetch mysqli in /var/www/system/library/db/mysqli.php on line 10
2018-07-04 10:41:25 - PHP Notice:  Undefined variable: mysql in /var/www/install/controller/install/step_3.php on line 280
2018-07-04 10:41:25 - PHP Notice:  Trying to get property of non-object in /var/www/install/controller/install/step_3.php on line 280
2018-07-04 10:42:16 - PHP Warning:  mysqli::__construct(): (HY000/2002): Connection refused in /var/www/system/library/db/mysqli.php on line 7
2018-07-04 10:42:16 - PHP Warning:  DB\MySQLi::__construct(): Couldn't fetch mysqli in /var/www/system/library/db/mysqli.php on line 10
2018-07-04 10:42:16 - PHP Warning:  DB\MySQLi::__construct(): Couldn't fetch mysqli in /var/www/system/library/db/mysqli.php on line 10
2018-07-04 10:42:16 - PHP Notice:  Undefined variable: mysql in /var/www/install/controller/install/step_3.php on line 280
2018-07-04 10:42:16 - PHP Notice:  Trying to get property of non-object in /var/www/install/controller/install/step_3.php on line 280
2018-07-04 10:42:59 - PHP Warning:  mysqli::__construct(): (HY000/2002): Connection refused in /var/www/system/library/db/mysqli.php on line 7
2018-07-04 10:42:59 - PHP Warning:  DB\MySQLi::__construct(): Couldn't fetch mysqli in /var/www/system/library/db/mysqli.php on line 10
2018-07-04 10:42:59 - PHP Warning:  DB\MySQLi::__construct(): Couldn't fetch mysqli in /var/www/system/library/db/mysqli.php on line 10
2018-07-04 10:42:59 - PHP Notice:  Undefined variable: mysql in /var/www/install/controller/install/step_3.php on line 280
2018-07-04 10:42:59 - PHP Notice:  Trying to get property of non-object in /var/www/install/controller/install/step_3.php on line 280
2018-07-04 11:01:11 - PHP Warning:  mysqli::__construct(): (HY000/2002): Connection refused in /var/www/system/library/db/mysqli.php on line 7
2018-07-04 11:01:11 - PHP Warning:  DB\MySQLi::__construct(): Couldn't fetch mysqli in /var/www/system/library/db/mysqli.php on line 10
2018-07-04 11:01:11 - PHP Warning:  DB\MySQLi::__construct(): Couldn't fetch mysqli in /var/www/system/library/db/mysqli.php on line 10
2018-07-04 11:01:11 - PHP Notice:  Undefined variable: mysql in /var/www/install/controller/install/step_3.php on line 280
2018-07-04 11:01:11 - PHP Notice:  Trying to get property of non-object in /var/www/install/controller/install/step_3.php on line 280
2018-07-04 11:01:24 - PHP Warning:  mysqli::__construct(): (HY000/2002): Connection refused in /var/www/system/library/db/mysqli.php on line 7
2018-07-04 11:01:24 - PHP Warning:  DB\MySQLi::__construct(): Couldn't fetch mysqli in /var/www/system/library/db/mysqli.php on line 10
2018-07-04 11:01:24 - PHP Warning:  DB\MySQLi::__construct(): Couldn't fetch mysqli in /var/www/system/library/db/mysqli.php on line 10
2018-07-04 11:01:24 - PHP Notice:  Undefined variable: mysql in /var/www/install/controller/install/step_3.php on line 280
2018-07-04 11:01:24 - PHP Notice:  Trying to get property of non-object in /var/www/install/controller/install/step_3.php on line 280
2018-07-04 11:01:50 - PHP Warning:  mysqli::__construct(): (HY000/2002): Connection refused in /var/www/system/library/db/mysqli.php on line 7
2018-07-04 11:01:50 - PHP Warning:  DB\MySQLi::__construct(): Couldn't fetch mysqli in /var/www/system/library/db/mysqli.php on line 10
2018-07-04 11:01:50 - PHP Warning:  DB\MySQLi::__construct(): Couldn't fetch mysqli in /var/www/system/library/db/mysqli.php on line 10
2018-07-04 11:01:50 - PHP Notice:  Undefined variable: mysql in /var/www/install/controller/install/step_3.php on line 280
2018-07-04 11:01:50 - PHP Notice:  Trying to get property of non-object in /var/www/install/controller/install/step_3.php on line 280
2018-07-04 11:25:19 - PHP Warning:  mysqli::__construct(): (HY000/2002): Connection refused in /var/www/system/library/db/mysqli.php on line 7
2018-07-04 11:25:19 - PHP Warning:  DB\MySQLi::__construct(): Couldn't fetch mysqli in /var/www/system/library/db/mysqli.php on line 10
2018-07-04 11:25:19 - PHP Warning:  DB\MySQLi::__construct(): Couldn't fetch mysqli in /var/www/system/library/db/mysqli.php on line 10
2018-07-04 11:25:19 - PHP Notice:  Undefined variable: mysql in /var/www/install/controller/install/step_3.php on line 280
2018-07-04 11:25:19 - PHP Notice:  Trying to get property of non-object in /var/www/install/controller/install/step_3.php on line 280
2018-07-04 11:25:35 - PHP Warning:  mysqli::__construct(): (HY000/2002): Connection refused in /var/www/system/library/db/mysqli.php on line 7
2018-07-04 11:25:35 - PHP Warning:  DB\MySQLi::__construct(): Couldn't fetch mysqli in /var/www/system/library/db/mysqli.php on line 10
2018-07-04 11:25:35 - PHP Warning:  DB\MySQLi::__construct(): Couldn't fetch mysqli in /var/www/system/library/db/mysqli.php on line 10
2018-07-04 11:25:35 - PHP Notice:  Undefined variable: mysql in /var/www/install/controller/install/step_3.php on line 280
2018-07-04 11:25:35 - PHP Notice:  Trying to get property of non-object in /var/www/install/controller/install/step_3.php on line 280
2018-07-04 11:25:37 - PHP Warning:  mysqli::__construct(): (HY000/2002): Connection refused in /var/www/system/library/db/mysqli.php on line 7
2018-07-04 11:25:37 - PHP Warning:  DB\MySQLi::__construct(): Couldn't fetch mysqli in /var/www/system/library/db/mysqli.php on line 10
2018-07-04 11:25:37 - PHP Warning:  DB\MySQLi::__construct(): Couldn't fetch mysqli in /var/www/system/library/db/mysqli.php on line 10
2018-07-04 11:25:37 - PHP Notice:  Undefined variable: mysql in /var/www/install/controller/install/step_3.php on line 280
2018-07-04 11:25:37 - PHP Notice:  Trying to get property of non-object in /var/www/install/controller/install/step_3.php on line 280
2018-07-04 11:26:01 - PHP Warning:  mysqli::__construct(): (HY000/2002): Connection refused in /var/www/system/library/db/mysqli.php on line 7
2018-07-04 11:26:01 - PHP Warning:  DB\MySQLi::__construct(): Couldn't fetch mysqli in /var/www/system/library/db/mysqli.php on line 10
2018-07-04 11:26:01 - PHP Warning:  DB\MySQLi::__construct(): Couldn't fetch mysqli in /var/www/system/library/db/mysqli.php on line 10
2018-07-04 11:26:01 - PHP Notice:  Undefined variable: mysql in /var/www/install/controller/install/step_3.php on line 280
2018-07-04 11:26:01 - PHP Notice:  Trying to get property of non-object in /var/www/install/controller/install/step_3.php on line 280
2018-07-04 11:27:29 - PHP Warning:  mysqli::__construct(): (HY000/2002): Connection refused in /var/www/system/library/db/mysqli.php on line 7
2018-07-04 11:27:29 - PHP Warning:  DB\MySQLi::__construct(): Couldn't fetch mysqli in /var/www/system/library/db/mysqli.php on line 10
2018-07-04 11:27:29 - PHP Warning:  DB\MySQLi::__construct(): Couldn't fetch mysqli in /var/www/system/library/db/mysqli.php on line 10
2018-07-04 11:27:29 - PHP Notice:  Undefined variable: mysql in /var/www/install/controller/install/step_3.php on line 280
2018-07-04 11:27:29 - PHP Notice:  Trying to get property of non-object in /var/www/install/controller/install/step_3.php on line 280
2018-07-04 11:29:12 - PHP Warning:  mysqli::__construct(): The server requested authentication method unknown to the client [caching_sha2_password] in /var/www/system/library/db/mysqli.php on line 7
2018-07-04 11:29:12 - PHP Warning:  mysqli::__construct(): (HY000/2054): The server requested authentication method unknown to the client in /var/www/system/library/db/mysqli.php on line 7
2018-07-04 11:29:12 - PHP Warning:  DB\MySQLi::__construct(): Couldn't fetch mysqli in /var/www/system/library/db/mysqli.php on line 10
2018-07-04 11:29:12 - PHP Warning:  DB\MySQLi::__construct(): Couldn't fetch mysqli in /var/www/system/library/db/mysqli.php on line 10
2018-07-04 11:29:12 - PHP Notice:  Undefined variable: mysql in /var/www/install/controller/install/step_3.php on line 280
2018-07-04 11:29:12 - PHP Notice:  Trying to get property of non-object in /var/www/install/controller/install/step_3.php on line 280
2018-07-04 11:29:12 - PHP Warning:  mysqli::__construct(): The server requested authentication method unknown to the client [caching_sha2_password] in /var/www/system/library/db/mysqli.php on line 7
2018-07-04 11:29:12 - PHP Warning:  mysqli::__construct(): (HY000/2054): The server requested authentication method unknown to the client in /var/www/system/library/db/mysqli.php on line 7
2018-07-04 11:29:12 - PHP Warning:  DB\MySQLi::__construct(): Couldn't fetch mysqli in /var/www/system/library/db/mysqli.php on line 10
2018-07-04 11:29:12 - PHP Warning:  DB\MySQLi::__construct(): Couldn't fetch mysqli in /var/www/system/library/db/mysqli.php on line 10
2018-07-04 11:29:12 - PHP Notice:  Undefined variable: mysql in /var/www/install/controller/install/step_3.php on line 280
2018-07-04 11:29:12 - PHP Notice:  Trying to get property of non-object in /var/www/install/controller/install/step_3.php on line 280
2018-07-04 11:36:14 - PHP Warning:  mysqli::__construct(): The server requested authentication method unknown to the client [caching_sha2_password] in /var/www/system/library/db/mysqli.php on line 7
2018-07-04 11:36:14 - PHP Warning:  mysqli::__construct(): (HY000/2054): The server requested authentication method unknown to the client in /var/www/system/library/db/mysqli.php on line 7
2018-07-04 11:36:14 - PHP Warning:  DB\MySQLi::__construct(): Couldn't fetch mysqli in /var/www/system/library/db/mysqli.php on line 10
2018-07-04 11:36:14 - PHP Warning:  DB\MySQLi::__construct(): Couldn't fetch mysqli in /var/www/system/library/db/mysqli.php on line 10
2018-07-04 11:36:14 - PHP Notice:  Undefined variable: mysql in /var/www/install/controller/install/step_3.php on line 280
2018-07-04 11:36:14 - PHP Notice:  Trying to get property of non-object in /var/www/install/controller/install/step_3.php on line 280
2018-07-04 12:00:03 - PHP Warning:  mysqli::__construct(): The server requested authentication method unknown to the client [caching_sha2_password] in /var/www/system/library/db/mysqli.php on line 7
2018-07-04 12:00:03 - PHP Warning:  mysqli::__construct(): (HY000/2054): The server requested authentication method unknown to the client in /var/www/system/library/db/mysqli.php on line 7
2018-07-04 12:00:03 - PHP Warning:  DB\MySQLi::__construct(): Couldn't fetch mysqli in /var/www/system/library/db/mysqli.php on line 10
2018-07-04 12:00:03 - PHP Warning:  DB\MySQLi::__construct(): Couldn't fetch mysqli in /var/www/system/library/db/mysqli.php on line 10
2018-07-04 12:00:03 - PHP Notice:  Undefined variable: mysql in /var/www/install/controller/install/step_3.php on line 280
2018-07-04 12:00:03 - PHP Notice:  Trying to get property of non-object in /var/www/install/controller/install/step_3.php on line 280
2018-07-04 17:29:16 - PHP Warning:  mysqli::__construct(): The server requested authentication method unknown to the client [caching_sha2_password] in /var/www/system/library/db/mysqli.php on line 7
2018-07-04 17:29:16 - PHP Warning:  mysqli::__construct(): (HY000/2054): The server requested authentication method unknown to the client in /var/www/system/library/db/mysqli.php on line 7
2018-07-04 17:29:16 - PHP Warning:  DB\MySQLi::__construct(): Couldn't fetch mysqli in /var/www/system/library/db/mysqli.php on line 10
2018-07-04 17:29:16 - PHP Warning:  DB\MySQLi::__construct(): Couldn't fetch mysqli in /var/www/system/library/db/mysqli.php on line 10
2018-07-04 17:29:16 - PHP Notice:  Undefined variable: mysql in /var/www/install/controller/install/step_3.php on line 280
2018-07-04 17:29:16 - PHP Notice:  Trying to get property of non-object in /var/www/install/controller/install/step_3.php on line 280
2018-07-04 17:29:37 - PHP Warning:  mysqli::__construct(): The server requested authentication method unknown to the client [caching_sha2_password] in /var/www/system/library/db/mysqli.php on line 7
2018-07-04 17:29:37 - PHP Warning:  mysqli::__construct(): (HY000/2054): The server requested authentication method unknown to the client in /var/www/system/library/db/mysqli.php on line 7
2018-07-04 17:29:37 - PHP Warning:  DB\MySQLi::__construct(): Couldn't fetch mysqli in /var/www/system/library/db/mysqli.php on line 10
2018-07-04 17:29:37 - PHP Warning:  DB\MySQLi::__construct(): Couldn't fetch mysqli in /var/www/system/library/db/mysqli.php on line 10
2018-07-04 17:29:37 - PHP Notice:  Undefined variable: mysql in /var/www/install/controller/install/step_3.php on line 280
2018-07-04 17:29:37 - PHP Notice:  Trying to get property of non-object in /var/www/install/controller/install/step_3.php on line 280
2018-07-04 17:31:13 - PHP Warning:  mysqli::__construct(): The server requested authentication method unknown to the client [caching_sha2_password] in /var/www/system/library/db/mysqli.php on line 7
2018-07-04 17:31:13 - PHP Warning:  mysqli::__construct(): (HY000/2054): The server requested authentication method unknown to the client in /var/www/system/library/db/mysqli.php on line 7
2018-07-04 17:31:13 - PHP Warning:  DB\MySQLi::__construct(): Couldn't fetch mysqli in /var/www/system/library/db/mysqli.php on line 10
2018-07-04 17:31:13 - PHP Warning:  DB\MySQLi::__construct(): Couldn't fetch mysqli in /var/www/system/library/db/mysqli.php on line 10
2018-07-04 17:31:13 - PHP Notice:  Undefined variable: mysql in /var/www/install/controller/install/step_3.php on line 280
2018-07-04 17:31:13 - PHP Notice:  Trying to get property of non-object in /var/www/install/controller/install/step_3.php on line 280
2018-07-05 7:59:31 - PHP Warning:  mysqli::__construct(): (HY000/2002): No route to host in /var/www/system/library/db/mysqli.php on line 7
2018-07-05 7:59:31 - PHP Warning:  mysqli::__construct(): (HY000/2002): No route to host in /var/www/system/library/db/mysqli.php on line 7
2018-07-05 7:59:31 - PHP Warning:  DB\MySQLi::__construct(): Couldn't fetch mysqli in /var/www/system/library/db/mysqli.php on line 10
2018-07-05 7:59:31 - PHP Warning:  DB\MySQLi::__construct(): Couldn't fetch mysqli in /var/www/system/library/db/mysqli.php on line 10
2018-07-05 7:59:31 - PHP Warning:  DB\MySQLi::__construct(): Couldn't fetch mysqli in /var/www/system/library/db/mysqli.php on line 10
2018-07-05 7:59:31 - PHP Warning:  DB\MySQLi::__construct(): Couldn't fetch mysqli in /var/www/system/library/db/mysqli.php on line 10
2018-07-05 7:59:48 - PHP Warning:  mysqli::__construct(): (HY000/2002): No route to host in /var/www/system/library/db/mysqli.php on line 7
2018-07-05 7:59:48 - PHP Warning:  DB\MySQLi::__construct(): Couldn't fetch mysqli in /var/www/system/library/db/mysqli.php on line 10
2018-07-05 7:59:48 - PHP Warning:  DB\MySQLi::__construct(): Couldn't fetch mysqli in /var/www/system/library/db/mysqli.php on line 10
2018-07-20 8:02:55 - PHP Notice:  Undefined index: USD in /var/www/system/library/cart/currency.php on line 25
2018-07-20 8:02:55 - PHP Notice:  Undefined index: USD in /var/www/system/library/cart/currency.php on line 26
2018-07-20 8:02:55 - PHP Notice:  Undefined index: USD in /var/www/system/library/cart/currency.php on line 27
2018-07-20 8:02:55 - PHP Notice:  Undefined index: USD in /var/www/system/library/cart/currency.php on line 30
2018-07-20 8:02:55 - PHP Notice:  Undefined index: USD in /var/www/system/library/cart/currency.php on line 25
2018-07-20 8:02:55 - PHP Notice:  Undefined index: USD in /var/www/system/library/cart/currency.php on line 26
2018-07-20 8:02:55 - PHP Notice:  Undefined index: USD in /var/www/system/library/cart/currency.php on line 27
2018-07-20 8:02:55 - PHP Notice:  Undefined index: USD in /var/www/system/library/cart/currency.php on line 30
2018-07-20 8:02:55 - PHP Notice:  Undefined index: USD in /var/www/system/library/cart/currency.php on line 25
2018-07-20 8:02:55 - PHP Notice:  Undefined index: USD in /var/www/system/library/cart/currency.php on line 26
2018-07-20 8:02:55 - PHP Notice:  Undefined index: USD in /var/www/system/library/cart/currency.php on line 27
2018-07-20 8:02:55 - PHP Notice:  Undefined index: USD in /var/www/system/library/cart/currency.php on line 30
2018-08-04 6:48:46 - PHP Notice:  Undefined index: USD in /var/www/system/library/cart/currency.php on line 25
2018-08-04 6:48:46 - PHP Notice:  Undefined index: USD in /var/www/system/library/cart/currency.php on line 26
2018-08-04 6:48:46 - PHP Notice:  Undefined index: USD in /var/www/system/library/cart/currency.php on line 27
2018-08-04 6:48:46 - PHP Notice:  Undefined index: USD in /var/www/system/library/cart/currency.php on line 25
2018-08-04 6:48:46 - PHP Notice:  Undefined index: USD in /var/www/system/library/cart/currency.php on line 26
2018-08-04 6:48:46 - PHP Notice:  Undefined index: USD in /var/www/system/library/cart/currency.php on line 27
2018-08-04 6:49:04 - PHP Notice:  Undefined index: USD in /var/www/system/library/cart/currency.php on line 25
2018-08-04 6:49:04 - PHP Notice:  Undefined index: USD in /var/www/system/library/cart/currency.php on line 26
2018-08-04 6:49:04 - PHP Notice:  Undefined index: USD in /var/www/system/library/cart/currency.php on line 27
2018-08-04 6:49:04 - PHP Notice:  Undefined index: USD in /var/www/system/library/cart/currency.php on line 25
2018-08-04 6:49:04 - PHP Notice:  Undefined index: USD in /var/www/system/library/cart/currency.php on line 26
2018-08-04 6:49:04 - PHP Notice:  Undefined index: USD in /var/www/system/library/cart/currency.php on line 27
2018-08-16 5:51:52 - PHP Notice:  Undefined index: token in /var/www/admin/controller/extension/shipping/flat2.php on line 62
2018-08-16 5:51:52 - PHP Notice:  Undefined index: token in /var/www/admin/controller/extension/shipping/flat2.php on line 64
2018-08-16 5:51:52 - PHP Notice:  Indirect modification of overloaded property ControllerExtensionShippingflat2::$data has no effect in /var/www/admin/controller/extension/shipping/flat2.php on line 101
2018-08-16 5:52:46 - PHP Notice:  Undefined index: token in /var/www/admin/controller/extension/shipping/flat2.php on line 62
2018-08-16 5:52:46 - PHP Notice:  Undefined index: token in /var/www/admin/controller/extension/shipping/flat2.php on line 64
2018-08-16 5:52:46 - PHP Notice:  Indirect modification of overloaded property ControllerExtensionShippingflat2::$data has no effect in /var/www/admin/controller/extension/shipping/flat2.php on line 101
2018-08-16 5:53:54 - PHP Notice:  Undefined index: token in /var/www/admin/controller/extension/shipping/flat2.php on line 62
2018-08-16 5:53:54 - PHP Notice:  Undefined index: token in /var/www/admin/controller/extension/shipping/flat2.php on line 64
2018-08-16 5:53:54 - PHP Notice:  Indirect modification of overloaded property ControllerExtensionShippingflat2::$data has no effect in /var/www/admin/controller/extension/shipping/flat2.php on line 101
2018-08-16 5:57:39 - PHP Notice:  Undefined index: token in /var/www/admin/controller/extension/shipping/flat2.php on line 62
2018-08-16 5:57:39 - PHP Notice:  Undefined index: token in /var/www/admin/controller/extension/shipping/flat2.php on line 64
2018-08-16 5:57:39 - PHP Notice:  Indirect modification of overloaded property ControllerExtensionShippingflat2::$data has no effect in /var/www/admin/controller/extension/shipping/flat2.php on line 101
2018-08-16 5:58:33 - PHP Notice:  Undefined index: token in /var/www/admin/controller/extension/shipping/flat2.php on line 62
2018-08-16 5:58:33 - PHP Notice:  Undefined index: token in /var/www/admin/controller/extension/shipping/flat2.php on line 64
2018-08-16 5:58:33 - PHP Notice:  Indirect modification of overloaded property ControllerExtensionShippingflat2::$data has no effect in /var/www/admin/controller/extension/shipping/flat2.php on line 101
2018-08-16 6:58:21 - PHP Notice:  Undefined index: token in /var/www/admin/controller/extension/shipping/flat2.php on line 62
2018-08-16 6:58:21 - PHP Notice:  Undefined index: token in /var/www/admin/controller/extension/shipping/flat2.php on line 64
2018-08-16 6:58:21 - PHP Notice:  Indirect modification of overloaded property ControllerExtensionShippingflat2::$data has no effect in /var/www/admin/controller/extension/shipping/flat2.php on line 101
2018-08-16 7:05:48 - PHP Notice:  Indirect modification of overloaded property ControllerExtensionShippingflat2::$data has no effect in /var/www/admin/controller/extension/shipping/flat2.php on line 101
2018-08-16 7:23:15 - PHP Warning:  unlink(/var/www/storage/cache/cache.catalog.language.1534407794): No such file or directory in /var/www/system/library/cache/file.php on line 68
2018-08-16 7:23:15 - PHP Warning:  Cannot modify header information - headers already sent by (output started at /var/www/system/framework.php:42) in /var/www/catalog/controller/startup/startup.php on line 99
2018-08-16 7:23:15 - PHP Warning:  Cannot modify header information - headers already sent by (output started at /var/www/system/framework.php:42) in /var/www/catalog/controller/startup/startup.php on line 157
2018-08-16 7:45:33 - PHP Warning:  imagecreatetruecolor(): Invalid image dimensions in /var/www/storage/modification/system/library/image.php on line 177
2018-08-16 7:45:33 - PHP Warning:  imagealphablending() expects parameter 1 to be resource, boolean given in /var/www/storage/modification/system/library/image.php on line 180
2018-08-16 7:45:33 - PHP Warning:  imagesavealpha() expects parameter 1 to be resource, boolean given in /var/www/storage/modification/system/library/image.php on line 181
2018-08-16 7:45:33 - PHP Warning:  imagecolorallocatealpha() expects parameter 1 to be resource, boolean given in /var/www/storage/modification/system/library/image.php on line 182
2018-08-16 7:45:33 - PHP Warning:  imagecolortransparent() expects parameter 1 to be resource, boolean given in /var/www/storage/modification/system/library/image.php on line 183
2018-08-16 7:45:33 - PHP Warning:  imagefilledrectangle() expects parameter 1 to be resource, boolean given in /var/www/storage/modification/system/library/image.php on line 188
2018-08-16 7:45:33 - PHP Warning:  imagecopyresampled() expects parameter 1 to be resource, boolean given in /var/www/storage/modification/system/library/image.php on line 190
2018-08-16 7:45:48 - PHP Warning:  imagecreatetruecolor(): Invalid image dimensions in /var/www/storage/modification/system/library/image.php on line 177
2018-08-16 7:45:48 - PHP Warning:  imagealphablending() expects parameter 1 to be resource, boolean given in /var/www/storage/modification/system/library/image.php on line 180
2018-08-16 7:45:48 - PHP Warning:  imagesavealpha() expects parameter 1 to be resource, boolean given in /var/www/storage/modification/system/library/image.php on line 181
2018-08-16 7:45:48 - PHP Warning:  imagecolorallocatealpha() expects parameter 1 to be resource, boolean given in /var/www/storage/modification/system/library/image.php on line 182
2018-08-16 7:45:48 - PHP Warning:  imagecolortransparent() expects parameter 1 to be resource, boolean given in /var/www/storage/modification/system/library/image.php on line 183
2018-08-16 7:45:48 - PHP Warning:  imagefilledrectangle() expects parameter 1 to be resource, boolean given in /var/www/storage/modification/system/library/image.php on line 188
2018-08-16 7:45:48 - PHP Warning:  imagecopyresampled() expects parameter 1 to be resource, boolean given in /var/www/storage/modification/system/library/image.php on line 190
2018-08-23 8:00:00 - PHP Notice:  Undefined index: country_id in /var/www/storage/modification/catalog/controller/checkout/checkout.php on line 104
2018-08-23 8:21:54 - PHP Warning:  unlink(/var/www/storage/cache/cache.catalog.language.1535016114): No such file or directory in /var/www/system/library/cache/file.php on line 68
2018-08-23 8:21:54 - PHP Warning:  Cannot modify header information - headers already sent by (output started at /var/www/system/framework.php:42) in /var/www/catalog/controller/startup/startup.php on line 99
2018-08-23 8:21:54 - PHP Warning:  Cannot modify header information - headers already sent by (output started at /var/www/system/framework.php:42) in /var/www/catalog/controller/startup/startup.php on line 157
2018-08-23 8:38:11 - PHP Warning:  unlink(/var/www/storage/cache/cache.catalog.language.1535017091): No such file or directory in /var/www/system/library/cache/file.php on line 68
2018-08-23 8:38:11 - PHP Warning:  Cannot modify header information - headers already sent by (output started at /var/www/system/framework.php:42) in /var/www/catalog/controller/startup/startup.php on line 99
2018-08-23 8:38:11 - PHP Warning:  Cannot modify header information - headers already sent by (output started at /var/www/system/framework.php:42) in /var/www/catalog/controller/startup/startup.php on line 157
2018-08-23 10:08:44 - PHP Warning:  unlink(/var/www/storage/cache/cache.catalog.language.1535022524): No such file or directory in /var/www/system/library/cache/file.php on line 68
2018-08-23 10:08:44 - PHP Warning:  Cannot modify header information - headers already sent by (output started at /var/www/system/framework.php:42) in /var/www/catalog/controller/startup/startup.php on line 99
2018-08-23 10:08:44 - PHP Warning:  Cannot modify header information - headers already sent by (output started at /var/www/system/framework.php:42) in /var/www/catalog/controller/startup/startup.php on line 157
2018-08-23 15:38:49 - PHP Warning:  unlink(/var/www/storage/cache/cache.catalog.language.1535042329): No such file or directory in /var/www/system/library/cache/file.php on line 68
2018-08-23 15:38:49 - PHP Warning:  Cannot modify header information - headers already sent by (output started at /var/www/system/framework.php:42) in /var/www/catalog/controller/startup/startup.php on line 99
2018-08-23 15:38:49 - PHP Warning:  Cannot modify header information - headers already sent by (output started at /var/www/system/framework.php:42) in /var/www/catalog/controller/startup/startup.php on line 157
2018-08-23 15:38:57 - PHP Notice:  Undefined index: shop_route in /var/www/catalog/controller/checkout/select_store.php on line 4
2018-08-23 15:38:57 - PHP Warning:  Cannot modify header information - headers already sent by (output started at /var/www/catalog/controller/startup/error.php:34) in /var/www/catalog/controller/checkout/select_store.php on line 4
2018-08-23 15:38:57 - PHP Notice:  Undefined index: shop_name in /var/www/catalog/controller/checkout/select_store.php on line 5
2018-08-23 15:38:57 - PHP Warning:  Cannot modify header information - headers already sent by (output started at /var/www/catalog/controller/startup/error.php:34) in /var/www/catalog/controller/checkout/select_store.php on line 5
2018-08-23 15:38:57 - PHP Notice:  Undefined index: shop_address in /var/www/catalog/controller/checkout/select_store.php on line 6
2018-08-23 15:38:57 - PHP Warning:  Cannot modify header information - headers already sent by (output started at /var/www/catalog/controller/startup/error.php:34) in /var/www/catalog/controller/checkout/select_store.php on line 6
2018-08-23 15:39:05 - PHP Notice:  Undefined index: shop_route in /var/www/catalog/controller/checkout/select_store.php on line 4
2018-08-23 15:39:05 - PHP Warning:  Cannot modify header information - headers already sent by (output started at /var/www/catalog/controller/startup/error.php:34) in /var/www/catalog/controller/checkout/select_store.php on line 4
2018-08-23 15:39:05 - PHP Notice:  Undefined index: shop_name in /var/www/catalog/controller/checkout/select_store.php on line 5
2018-08-23 15:39:05 - PHP Warning:  Cannot modify header information - headers already sent by (output started at /var/www/catalog/controller/startup/error.php:34) in /var/www/catalog/controller/checkout/select_store.php on line 5
2018-08-23 15:39:05 - PHP Notice:  Undefined index: shop_address in /var/www/catalog/controller/checkout/select_store.php on line 6
2018-08-23 15:39:05 - PHP Warning:  Cannot modify header information - headers already sent by (output started at /var/www/catalog/controller/startup/error.php:34) in /var/www/catalog/controller/checkout/select_store.php on line 6
2018-08-23 15:39:31 - PHP Notice:  Undefined index: shop_route in /var/www/catalog/controller/checkout/select_store.php on line 4
2018-08-23 15:39:31 - PHP Warning:  Cannot modify header information - headers already sent by (output started at /var/www/catalog/controller/startup/error.php:34) in /var/www/catalog/controller/checkout/select_store.php on line 4
2018-08-23 15:39:31 - PHP Notice:  Undefined index: shop_name in /var/www/catalog/controller/checkout/select_store.php on line 5
2018-08-23 15:39:31 - PHP Warning:  Cannot modify header information - headers already sent by (output started at /var/www/catalog/controller/startup/error.php:34) in /var/www/catalog/controller/checkout/select_store.php on line 5
2018-08-23 15:39:31 - PHP Notice:  Undefined index: shop_address in /var/www/catalog/controller/checkout/select_store.php on line 6
2018-08-23 15:39:31 - PHP Warning:  Cannot modify header information - headers already sent by (output started at /var/www/catalog/controller/startup/error.php:34) in /var/www/catalog/controller/checkout/select_store.php on line 6
2018-08-24 4:29:19 - PHP Notice:  Undefined index: shop_route in /var/www/catalog/controller/checkout/select_store.php on line 4
2018-08-24 4:29:19 - PHP Warning:  Cannot modify header information - headers already sent by (output started at /var/www/catalog/controller/startup/error.php:34) in /var/www/catalog/controller/checkout/select_store.php on line 4
2018-08-24 4:29:19 - PHP Notice:  Undefined index: shop_name in /var/www/catalog/controller/checkout/select_store.php on line 5
2018-08-24 4:29:19 - PHP Warning:  Cannot modify header information - headers already sent by (output started at /var/www/catalog/controller/startup/error.php:34) in /var/www/catalog/controller/checkout/select_store.php on line 5
2018-08-24 4:29:19 - PHP Notice:  Undefined index: shop_address in /var/www/catalog/controller/checkout/select_store.php on line 6
2018-08-24 4:29:19 - PHP Warning:  Cannot modify header information - headers already sent by (output started at /var/www/catalog/controller/startup/error.php:34) in /var/www/catalog/controller/checkout/select_store.php on line 6
2018-08-24 4:32:14 - PHP Notice:  Undefined index: shop_route in /var/www/catalog/controller/checkout/select_store.php on line 4
2018-08-24 4:32:14 - PHP Warning:  Cannot modify header information - headers already sent by (output started at /var/www/catalog/controller/startup/error.php:34) in /var/www/catalog/controller/checkout/select_store.php on line 4
2018-08-24 4:32:14 - PHP Notice:  Undefined index: shop_name in /var/www/catalog/controller/checkout/select_store.php on line 5
2018-08-24 4:32:14 - PHP Warning:  Cannot modify header information - headers already sent by (output started at /var/www/catalog/controller/startup/error.php:34) in /var/www/catalog/controller/checkout/select_store.php on line 5
2018-08-24 4:32:14 - PHP Notice:  Undefined index: shop_address in /var/www/catalog/controller/checkout/select_store.php on line 6
2018-08-24 4:32:14 - PHP Warning:  Cannot modify header information - headers already sent by (output started at /var/www/catalog/controller/startup/error.php:34) in /var/www/catalog/controller/checkout/select_store.php on line 6
2018-08-24 4:33:07 - PHP Notice:  Undefined index: shop_route in /var/www/catalog/controller/checkout/select_store.php on line 4
2018-08-24 4:33:07 - PHP Warning:  Cannot modify header information - headers already sent by (output started at /var/www/catalog/controller/startup/error.php:34) in /var/www/catalog/controller/checkout/select_store.php on line 4
2018-08-24 4:33:07 - PHP Notice:  Undefined index: shop_name in /var/www/catalog/controller/checkout/select_store.php on line 5
2018-08-24 4:33:07 - PHP Warning:  Cannot modify header information - headers already sent by (output started at /var/www/catalog/controller/startup/error.php:34) in /var/www/catalog/controller/checkout/select_store.php on line 5
2018-08-24 4:33:07 - PHP Notice:  Undefined index: shop_address in /var/www/catalog/controller/checkout/select_store.php on line 6
2018-08-24 4:33:07 - PHP Warning:  Cannot modify header information - headers already sent by (output started at /var/www/catalog/controller/startup/error.php:34) in /var/www/catalog/controller/checkout/select_store.php on line 6
2018-08-24 5:44:30 - PHP Notice:  Undefined index: shop_route in /var/www/catalog/controller/checkout/select_store.php on line 4
2018-08-24 5:44:30 - PHP Warning:  Cannot modify header information - headers already sent by (output started at /var/www/catalog/controller/startup/error.php:34) in /var/www/catalog/controller/checkout/select_store.php on line 4
2018-08-24 5:44:30 - PHP Notice:  Undefined index: shop_name in /var/www/catalog/controller/checkout/select_store.php on line 5
2018-08-24 5:44:30 - PHP Warning:  Cannot modify header information - headers already sent by (output started at /var/www/catalog/controller/startup/error.php:34) in /var/www/catalog/controller/checkout/select_store.php on line 5
2018-08-24 5:44:30 - PHP Notice:  Undefined index: shop_address in /var/www/catalog/controller/checkout/select_store.php on line 6
2018-08-24 5:44:30 - PHP Warning:  Cannot modify header information - headers already sent by (output started at /var/www/catalog/controller/startup/error.php:34) in /var/www/catalog/controller/checkout/select_store.php on line 6
2018-08-24 5:45:15 - PHP Notice:  Undefined index: shop_route in /var/www/catalog/controller/checkout/select_store.php on line 4
2018-08-24 5:45:15 - PHP Warning:  Cannot modify header information - headers already sent by (output started at /var/www/catalog/controller/startup/error.php:34) in /var/www/catalog/controller/checkout/select_store.php on line 4
2018-08-24 5:45:15 - PHP Notice:  Undefined index: shop_name in /var/www/catalog/controller/checkout/select_store.php on line 5
2018-08-24 5:45:15 - PHP Warning:  Cannot modify header information - headers already sent by (output started at /var/www/catalog/controller/startup/error.php:34) in /var/www/catalog/controller/checkout/select_store.php on line 5
2018-08-24 5:45:15 - PHP Notice:  Undefined index: shop_address in /var/www/catalog/controller/checkout/select_store.php on line 6
2018-08-24 5:45:15 - PHP Warning:  Cannot modify header information - headers already sent by (output started at /var/www/catalog/controller/startup/error.php:34) in /var/www/catalog/controller/checkout/select_store.php on line 6
2018-08-24 6:58:24 - PHP Warning:  unlink(/var/www/storage/cache/cache.catalog.language.1535097504): No such file or directory in /var/www/system/library/cache/file.php on line 68
2018-08-24 6:58:24 - PHP Warning:  Cannot modify header information - headers already sent by (output started at /var/www/system/framework.php:42) in /var/www/catalog/controller/startup/startup.php on line 99
2018-08-24 6:58:24 - PHP Warning:  Cannot modify header information - headers already sent by (output started at /var/www/system/framework.php:42) in /var/www/catalog/controller/startup/startup.php on line 157
2018-08-24 6:58:38 - PHP Notice:  Undefined index: shop_route in /var/www/catalog/controller/checkout/select_store.php on line 4
2018-08-24 6:58:38 - PHP Warning:  Cannot modify header information - headers already sent by (output started at /var/www/catalog/controller/startup/error.php:34) in /var/www/catalog/controller/checkout/select_store.php on line 4
2018-08-24 6:58:38 - PHP Notice:  Undefined index: shop_name in /var/www/catalog/controller/checkout/select_store.php on line 5
2018-08-24 6:58:38 - PHP Warning:  Cannot modify header information - headers already sent by (output started at /var/www/catalog/controller/startup/error.php:34) in /var/www/catalog/controller/checkout/select_store.php on line 5
2018-08-24 6:58:38 - PHP Notice:  Undefined index: shop_address in /var/www/catalog/controller/checkout/select_store.php on line 6
2018-08-24 6:58:38 - PHP Warning:  Cannot modify header information - headers already sent by (output started at /var/www/catalog/controller/startup/error.php:34) in /var/www/catalog/controller/checkout/select_store.php on line 6
2018-08-24 7:00:01 - PHP Warning:  unlink(/var/www/storage/cache/cache.catalog.language.1535097600): No such file or directory in /var/www/system/library/cache/file.php on line 68
2018-08-24 7:00:01 - PHP Warning:  Cannot modify header information - headers already sent by (output started at /var/www/system/framework.php:42) in /var/www/catalog/controller/startup/startup.php on line 99
2018-08-24 7:00:01 - PHP Warning:  Cannot modify header information - headers already sent by (output started at /var/www/system/framework.php:42) in /var/www/catalog/controller/startup/startup.php on line 157
2018-08-24 7:00:14 - PHP Notice:  Undefined index: shop_route in /var/www/catalog/controller/checkout/select_store.php on line 4
2018-08-24 7:00:14 - PHP Warning:  Cannot modify header information - headers already sent by (output started at /var/www/catalog/controller/startup/error.php:34) in /var/www/catalog/controller/checkout/select_store.php on line 4
2018-08-24 7:00:14 - PHP Notice:  Undefined index: shop_name in /var/www/catalog/controller/checkout/select_store.php on line 5
2018-08-24 7:00:14 - PHP Warning:  Cannot modify header information - headers already sent by (output started at /var/www/catalog/controller/startup/error.php:34) in /var/www/catalog/controller/checkout/select_store.php on line 5
2018-08-24 7:00:14 - PHP Notice:  Undefined index: shop_address in /var/www/catalog/controller/checkout/select_store.php on line 6
2018-08-24 7:00:14 - PHP Warning:  Cannot modify header information - headers already sent by (output started at /var/www/catalog/controller/startup/error.php:34) in /var/www/catalog/controller/checkout/select_store.php on line 6
2018-08-24 11:30:19 - PHP Notice:  Undefined index: shop_route in /var/www/catalog/controller/checkout/select_store.php on line 4
2018-08-24 11:30:19 - PHP Warning:  Cannot modify header information - headers already sent by (output started at /var/www/catalog/controller/startup/error.php:34) in /var/www/catalog/controller/checkout/select_store.php on line 4
2018-08-24 11:30:19 - PHP Notice:  Undefined index: shop_name in /var/www/catalog/controller/checkout/select_store.php on line 5
2018-08-24 11:30:19 - PHP Warning:  Cannot modify header information - headers already sent by (output started at /var/www/catalog/controller/startup/error.php:34) in /var/www/catalog/controller/checkout/select_store.php on line 5
2018-08-24 11:30:19 - PHP Notice:  Undefined index: shop_address in /var/www/catalog/controller/checkout/select_store.php on line 6
2018-08-24 11:30:19 - PHP Warning:  Cannot modify header information - headers already sent by (output started at /var/www/catalog/controller/startup/error.php:34) in /var/www/catalog/controller/checkout/select_store.php on line 6
2018-08-24 11:44:12 - PHP Notice:  Undefined index: shop_route in /var/www/catalog/controller/checkout/select_store.php on line 4
2018-08-24 11:44:12 - PHP Warning:  Cannot modify header information - headers already sent by (output started at /var/www/catalog/controller/startup/error.php:34) in /var/www/catalog/controller/checkout/select_store.php on line 4
2018-08-24 11:44:12 - PHP Notice:  Undefined index: shop_name in /var/www/catalog/controller/checkout/select_store.php on line 5
2018-08-24 11:44:12 - PHP Warning:  Cannot modify header information - headers already sent by (output started at /var/www/catalog/controller/startup/error.php:34) in /var/www/catalog/controller/checkout/select_store.php on line 5
2018-08-24 11:44:12 - PHP Notice:  Undefined index: shop_address in /var/www/catalog/controller/checkout/select_store.php on line 6
2018-08-24 11:44:12 - PHP Warning:  Cannot modify header information - headers already sent by (output started at /var/www/catalog/controller/startup/error.php:34) in /var/www/catalog/controller/checkout/select_store.php on line 6
2018-08-24 12:03:11 - PHP Notice:  Undefined index: shop_route in /var/www/catalog/controller/checkout/select_store.php on line 4
2018-08-24 12:03:11 - PHP Warning:  Cannot modify header information - headers already sent by (output started at /var/www/catalog/controller/startup/error.php:34) in /var/www/catalog/controller/checkout/select_store.php on line 4
2018-08-24 12:03:11 - PHP Notice:  Undefined index: shop_name in /var/www/catalog/controller/checkout/select_store.php on line 5
2018-08-24 12:03:11 - PHP Warning:  Cannot modify header information - headers already sent by (output started at /var/www/catalog/controller/startup/error.php:34) in /var/www/catalog/controller/checkout/select_store.php on line 5
2018-08-24 12:03:11 - PHP Notice:  Undefined index: shop_address in /var/www/catalog/controller/checkout/select_store.php on line 6
2018-08-24 12:03:11 - PHP Warning:  Cannot modify header information - headers already sent by (output started at /var/www/catalog/controller/startup/error.php:34) in /var/www/catalog/controller/checkout/select_store.php on line 6
2018-08-24 12:06:31 - PHP Warning:  unlink(/var/www/storage/cache/cache.catalog.language.1535115991): No such file or directory in /var/www/system/library/cache/file.php on line 68
2018-08-24 12:06:31 - PHP Warning:  Cannot modify header information - headers already sent by (output started at /var/www/system/framework.php:42) in /var/www/catalog/controller/startup/startup.php on line 99
2018-08-24 12:06:31 - PHP Warning:  Cannot modify header information - headers already sent by (output started at /var/www/system/framework.php:42) in /var/www/catalog/controller/startup/startup.php on line 157
2018-08-24 12:06:44 - PHP Notice:  Undefined index: shop_route in /var/www/catalog/controller/checkout/select_store.php on line 4
2018-08-24 12:06:44 - PHP Warning:  Cannot modify header information - headers already sent by (output started at /var/www/catalog/controller/startup/error.php:34) in /var/www/catalog/controller/checkout/select_store.php on line 4
2018-08-24 12:06:44 - PHP Notice:  Undefined index: shop_name in /var/www/catalog/controller/checkout/select_store.php on line 5
2018-08-24 12:06:44 - PHP Warning:  Cannot modify header information - headers already sent by (output started at /var/www/catalog/controller/startup/error.php:34) in /var/www/catalog/controller/checkout/select_store.php on line 5
2018-08-24 12:06:44 - PHP Notice:  Undefined index: shop_address in /var/www/catalog/controller/checkout/select_store.php on line 6
2018-08-24 12:06:44 - PHP Warning:  Cannot modify header information - headers already sent by (output started at /var/www/catalog/controller/startup/error.php:34) in /var/www/catalog/controller/checkout/select_store.php on line 6
2018-08-24 12:33:48 - PHP Notice:  Undefined index: shop_route in /var/www/catalog/controller/checkout/select_store.php on line 4
2018-08-24 12:33:48 - PHP Warning:  Cannot modify header information - headers already sent by (output started at /var/www/catalog/controller/startup/error.php:34) in /var/www/catalog/controller/checkout/select_store.php on line 4
2018-08-24 12:33:48 - PHP Notice:  Undefined index: shop_name in /var/www/catalog/controller/checkout/select_store.php on line 5
2018-08-24 12:33:48 - PHP Warning:  Cannot modify header information - headers already sent by (output started at /var/www/catalog/controller/startup/error.php:34) in /var/www/catalog/controller/checkout/select_store.php on line 5
2018-08-24 12:33:48 - PHP Notice:  Undefined index: shop_address in /var/www/catalog/controller/checkout/select_store.php on line 6
2018-08-24 12:33:48 - PHP Warning:  Cannot modify header information - headers already sent by (output started at /var/www/catalog/controller/startup/error.php:34) in /var/www/catalog/controller/checkout/select_store.php on line 6
2018-08-24 12:35:13 - PHP Notice:  Undefined index: shop_route in /var/www/catalog/controller/checkout/select_store.php on line 4
2018-08-24 12:35:13 - PHP Warning:  Cannot modify header information - headers already sent by (output started at /var/www/catalog/controller/startup/error.php:34) in /var/www/catalog/controller/checkout/select_store.php on line 4
2018-08-24 12:35:13 - PHP Notice:  Undefined index: shop_name in /var/www/catalog/controller/checkout/select_store.php on line 5
2018-08-24 12:35:13 - PHP Warning:  Cannot modify header information - headers already sent by (output started at /var/www/catalog/controller/startup/error.php:34) in /var/www/catalog/controller/checkout/select_store.php on line 5
2018-08-24 12:35:13 - PHP Notice:  Undefined index: shop_address in /var/www/catalog/controller/checkout/select_store.php on line 6
2018-08-24 12:35:13 - PHP Warning:  Cannot modify header information - headers already sent by (output started at /var/www/catalog/controller/startup/error.php:34) in /var/www/catalog/controller/checkout/select_store.php on line 6
2018-08-24 12:39:48 - PHP Notice:  Undefined index: shop_route in /var/www/catalog/controller/checkout/select_store.php on line 4
2018-08-24 12:39:48 - PHP Warning:  Cannot modify header information - headers already sent by (output started at /var/www/catalog/controller/startup/error.php:34) in /var/www/catalog/controller/checkout/select_store.php on line 4
2018-08-24 12:39:48 - PHP Notice:  Undefined index: shop_name in /var/www/catalog/controller/checkout/select_store.php on line 5
2018-08-24 12:39:48 - PHP Warning:  Cannot modify header information - headers already sent by (output started at /var/www/catalog/controller/startup/error.php:34) in /var/www/catalog/controller/checkout/select_store.php on line 5
2018-08-24 12:39:48 - PHP Notice:  Undefined index: shop_address in /var/www/catalog/controller/checkout/select_store.php on line 6
2018-08-24 12:39:48 - PHP Warning:  Cannot modify header information - headers already sent by (output started at /var/www/catalog/controller/startup/error.php:34) in /var/www/catalog/controller/checkout/select_store.php on line 6
2018-08-24 12:41:35 - PHP Notice:  Undefined index: shop_route in /var/www/catalog/controller/checkout/select_store.php on line 4
2018-08-24 12:41:35 - PHP Warning:  Cannot modify header information - headers already sent by (output started at /var/www/catalog/controller/startup/error.php:34) in /var/www/catalog/controller/checkout/select_store.php on line 4
2018-08-24 12:41:35 - PHP Notice:  Undefined index: shop_name in /var/www/catalog/controller/checkout/select_store.php on line 5
2018-08-24 12:41:35 - PHP Warning:  Cannot modify header information - headers already sent by (output started at /var/www/catalog/controller/startup/error.php:34) in /var/www/catalog/controller/checkout/select_store.php on line 5
2018-08-24 12:41:35 - PHP Notice:  Undefined index: shop_address in /var/www/catalog/controller/checkout/select_store.php on line 6
2018-08-24 12:41:35 - PHP Warning:  Cannot modify header information - headers already sent by (output started at /var/www/catalog/controller/startup/error.php:34) in /var/www/catalog/controller/checkout/select_store.php on line 6
2018-08-24 12:48:37 - PHP Notice:  Undefined index: route in /var/www/catalog/controller/checkout/return_cookie.php on line 4
2018-08-24 12:48:37 - PHP Notice:  Undefined index: name in /var/www/catalog/controller/checkout/return_cookie.php on line 5
2018-08-24 12:48:37 - PHP Notice:  Undefined index: address in /var/www/catalog/controller/checkout/return_cookie.php on line 6
2018-08-24 12:53:05 - PHP Notice:  Undefined index: shop_route in /var/www/catalog/controller/checkout/select_store.php on line 4
2018-08-24 12:53:05 - PHP Warning:  Cannot modify header information - headers already sent by (output started at /var/www/catalog/controller/startup/error.php:34) in /var/www/catalog/controller/checkout/select_store.php on line 4
2018-08-24 12:53:05 - PHP Notice:  Undefined index: shop_name in /var/www/catalog/controller/checkout/select_store.php on line 5
2018-08-24 12:53:05 - PHP Warning:  Cannot modify header information - headers already sent by (output started at /var/www/catalog/controller/startup/error.php:34) in /var/www/catalog/controller/checkout/select_store.php on line 5
2018-08-24 12:53:05 - PHP Notice:  Undefined index: shop_address in /var/www/catalog/controller/checkout/select_store.php on line 6
2018-08-24 12:53:05 - PHP Warning:  Cannot modify header information - headers already sent by (output started at /var/www/catalog/controller/startup/error.php:34) in /var/www/catalog/controller/checkout/select_store.php on line 6
2018-08-24 12:57:09 - PHP Notice:  Undefined index: shop_route in /var/www/catalog/controller/checkout/select_store.php on line 4
2018-08-24 12:57:09 - PHP Warning:  Cannot modify header information - headers already sent by (output started at /var/www/catalog/controller/startup/error.php:34) in /var/www/catalog/controller/checkout/select_store.php on line 4
2018-08-24 12:57:09 - PHP Notice:  Undefined index: shop_name in /var/www/catalog/controller/checkout/select_store.php on line 5
2018-08-24 12:57:09 - PHP Warning:  Cannot modify header information - headers already sent by (output started at /var/www/catalog/controller/startup/error.php:34) in /var/www/catalog/controller/checkout/select_store.php on line 5
2018-08-24 12:57:09 - PHP Notice:  Undefined index: shop_address in /var/www/catalog/controller/checkout/select_store.php on line 6
2018-08-24 12:57:09 - PHP Warning:  Cannot modify header information - headers already sent by (output started at /var/www/catalog/controller/startup/error.php:34) in /var/www/catalog/controller/checkout/select_store.php on line 6
